n8q624e8q_cal.fits[1]     76.15     2.18  0.539946    INDEF  err
n8q624e8q_cal.fits[1]     76.15     2.18  0.539946    INDEF  err
n8q624e8q_cal.fits[1]    165.60     2.46  1.410098    INDEF  err
n8q624e8q_cal.fits[1]    194.28     2.65  0.917833    INDEF  err
n8q624e8q_cal.fits[1]    109.47     4.70  0.431631    INDEF  err
n8q624e8q_cal.fits[1]     22.57     5.76  0.852349    INDEF  err
n8q624e8q_cal.fits[1]    175.13     1.00  2.945082    INDEF  err
n8q624e8q_cal.fits[1]    214.92     5.89  0.771412    INDEF  err
n8q624e8q_cal.fits[1]    228.42    10.52  0.465744   25.737  ok
n8q624e8q_cal.fits[1]    175.25     6.10  2.325989   26.545  err
n8q624e8q_cal.fits[1]    206.27    10.70  0.804542   29.145  ok
n8q624e8q_cal.fits[1]    102.25    14.10  0.408118   28.597  ok
n8q624e8q_cal.fits[1]    175.13     1.00  2.945082    INDEF  err
n8q624e8q_cal.fits[1]    175.13     1.00  2.945082    INDEF  err
n8q624e8q_cal.fits[1]    214.70    17.53  0.641411   29.467  ok
n8q624e8q_cal.fits[1]    226.01    19.21  0.464344   28.571  ok
n8q624e8q_cal.fits[1]     72.68    21.38  0.624349   29.630  ok
n8q624e8q_cal.fits[1]     97.60    20.66  0.433033   29.107  ok
n8q624e8q_cal.fits[1]    209.88    21.77  0.656182   28.933  ok
n8q624e8q_cal.fits[1]      1.60    23.11  1.027695    INDEF  err
n8q624e8q_cal.fits[1]     54.09    23.54  0.731071    INDEF  err
n8q624e8q_cal.fits[1]     35.99    25.34  1.503834   27.894  ok
n8q624e8q_cal.fits[1]     48.41    26.36  0.812239   28.199  ok
n8q624e8q_cal.fits[1]     79.70    26.69  0.567414   28.627  ok
n8q624e8q_cal.fits[1]    137.19    29.49  0.346735   28.548  ok
n8q624e8q_cal.fits[1]     19.98    41.55   5.47311    INDEF  err
n8q624e8q_cal.fits[1]     79.46    29.53  0.556259   28.527  ok
n8q624e8q_cal.fits[1]     30.10    31.02  2.208171    INDEF  err
n8q624e8q_cal.fits[1]    248.70    31.00  0.308556    INDEF  err
n8q624e8q_cal.fits[1]     30.10    31.02  2.208171    INDEF  err
n8q624e8q_cal.fits[1]     19.98    41.55   5.47311    INDEF  err
n8q624e8q_cal.fits[1]     19.97    41.55   5.47311    INDEF  err
n8q624e8q_cal.fits[1]     19.97    41.55   5.47311    INDEF  err
n8q624e8q_cal.fits[1]     19.98    41.55   5.47311    INDEF  err
n8q624e8q_cal.fits[1]    230.79    35.45    0.3913    INDEF  err
n8q624e8q_cal.fits[1]    128.62    36.37  0.349372   28.377  ok
n8q624e8q_cal.fits[1]     19.97    41.55   5.47311    INDEF  err
n8q624e8q_cal.fits[1]     19.97    41.55   5.47311    INDEF  err
n8q624e8q_cal.fits[1]     19.97    41.55   5.47311    INDEF  err
n8q624e8q_cal.fits[1]    117.39    39.48  0.362554    INDEF  err
n8q624e8q_cal.fits[1]    224.02    39.39  0.449052   29.726  ok
n8q624e8q_cal.fits[1]     19.97    41.55   5.47311    INDEF  err
n8q624e8q_cal.fits[1]     52.97    40.43  1.327233   25.209  ok
n8q624e8q_cal.fits[1]     10.73    41.00  5.969469   26.438  ok
n8q624e8q_cal.fits[1]    150.12    41.05  0.412324   28.917  ok
n8q624e8q_cal.fits[1]     19.97    41.55   5.47311    INDEF  err
n8q624e8q_cal.fits[1]     19.97    41.55   5.47311    INDEF  err
n8q624e8q_cal.fits[1]     19.97    41.55   5.47311    INDEF  err
n8q624e8q_cal.fits[1]     19.97    41.55   5.47311    INDEF  err
n8q624e8q_cal.fits[1]     19.97    41.55   5.47311    INDEF  err
n8q624e8q_cal.fits[1]     85.76    45.66  0.548665   29.276  ok
n8q624e8q_cal.fits[1]    232.51    45.71  0.305238   27.983  ok
n8q624e8q_cal.fits[1]    195.61    47.30  0.799633    INDEF  err
n8q624e8q_cal.fits[1]    126.08    47.49  0.405737    INDEF  err
n8q624e8q_cal.fits[1]     19.97    41.55   5.47311    INDEF  err
n8q624e8q_cal.fits[1]     52.94    48.67  1.372748    INDEF  err
n8q624e8q_cal.fits[1]     19.97    41.55   5.47311    INDEF  err
n8q624e8q_cal.fits[1]     19.97    41.55   5.47311    INDEF  err
n8q624e8q_cal.fits[1]    112.98    50.00  0.607356    INDEF  err
n8q624e8q_cal.fits[1]    186.32    50.10  0.878247   28.346  ok
n8q624e8q_cal.fits[1]     19.97    41.55   5.47311    INDEF  err
n8q624e8q_cal.fits[1]      9.37    52.25   7.37501    INDEF  err
n8q624e8q_cal.fits[1]     63.95    55.31  1.062111   29.673  ok
n8q624e8q_cal.fits[1]    211.87    55.23  0.530881   25.103  ok
n8q624e8q_cal.fits[1]     17.30    55.26  5.599881   27.163  ok
n8q624e8q_cal.fits[1]    129.25    57.03  0.346298    INDEF  err
n8q624e8q_cal.fits[1]    199.41    60.44  0.835116   29.228  ok
n8q624e8q_cal.fits[1]     37.18    61.09  3.881685   28.078  err
n8q624e8q_cal.fits[1]     37.78    61.31  3.798154   28.025  ok
n8q624e8q_cal.fits[1]    235.21    60.77  0.331696   29.361  ok
n8q624e8q_cal.fits[1]    129.51    63.23  0.358004    INDEF  err
n8q624e8q_cal.fits[1]    164.47    63.40  0.537136   29.626  ok
n8q624e8q_cal.fits[1]    206.39    63.25  0.574909   28.464  ok
n8q624e8q_cal.fits[1]     37.79    61.09  3.792419   28.017  err
n8q624e8q_cal.fits[1]     78.90    64.92  0.707016    INDEF  err
n8q624e8q_cal.fits[1]    172.98    64.57  0.567812   29.670  ok
n8q624e8q_cal.fits[1]      8.78    66.61  5.952173    INDEF  err
n8q624e8q_cal.fits[1]     43.10    72.08  2.298244   27.426  err
n8q624e8q_cal.fits[1]     50.54    66.58  1.448072   27.495  ok
n8q624e8q_cal.fits[1]    111.83    67.27  0.449457   29.389  ok
n8q624e8q_cal.fits[1]     33.66    67.50  4.881919   30.540  ok
n8q624e8q_cal.fits[1]     91.64    68.52  0.473921   29.324  ok
n8q624e8q_cal.fits[1]      1.31    72.26  6.435762    INDEF  err
n8q624e8q_cal.fits[1]     43.12    72.12  2.258864   27.416  ok
n8q624e8q_cal.fits[1]    118.62    71.64  0.394936   28.988  ok
n8q624e8q_cal.fits[1]    186.80    72.44  0.739116    INDEF  err
n8q624e8q_cal.fits[1]      8.77    66.61  5.954103    INDEF  err
n8q624e8q_cal.fits[1]    250.03    73.29   0.26113    INDEF  err
n8q624e8q_cal.fits[1]     36.53    78.00  3.897146    INDEF  err
n8q624e8q_cal.fits[1]     29.51    74.97  5.294466   27.634  ok
n8q624e8q_cal.fits[1]    226.72    75.63  0.352472   29.239  ok
n8q624e8q_cal.fits[1]     26.62    88.81  5.949162    INDEF  err
n8q624e8q_cal.fits[1]     36.47    78.01  3.907048    INDEF  err
n8q624e8q_cal.fits[1]     36.53    78.00  3.897146    INDEF  err
n8q624e8q_cal.fits[1]     72.78    79.00  1.036965    INDEF  err
n8q624e8q_cal.fits[1]     26.62    88.82  5.946323    INDEF  err
n8q624e8q_cal.fits[1]     26.62    88.81  5.949162    INDEF  err
n8q624e8q_cal.fits[1]     26.62    88.81  5.949162    INDEF  err
n8q624e8q_cal.fits[1]    175.40    81.08  0.384847   28.527  ok
n8q624e8q_cal.fits[1]     26.62    88.81  5.949162    INDEF  err
n8q624e8q_cal.fits[1]     26.62    88.81  5.949162    INDEF  err
n8q624e8q_cal.fits[1]    138.18    86.25  0.314262   28.613  ok
n8q624e8q_cal.fits[1]     26.62    88.81  5.949162    INDEF  err
n8q624e8q_cal.fits[1]     67.36    90.03  1.613473    INDEF  err
n8q624e8q_cal.fits[1]     26.62    88.81  5.949162    INDEF  err
n8q624e8q_cal.fits[1]     26.62    88.81  5.949162    INDEF  err
n8q624e8q_cal.fits[1]     55.31    88.00   1.93599    INDEF  err
n8q624e8q_cal.fits[1]    115.18    87.50  0.352442   28.602  ok
n8q624e8q_cal.fits[1]     26.61    88.82  5.949162    INDEF  err
n8q624e8q_cal.fits[1]     67.36    90.03  1.613473    INDEF  err
n8q624e8q_cal.fits[1]     26.61    88.82  5.949162    INDEF  err
n8q624e8q_cal.fits[1]     26.62    88.81  5.949162    INDEF  err
n8q624e8q_cal.fits[1]    140.80    93.20  0.298183    INDEF  err
n8q624e8q_cal.fits[1]    245.22    92.50  0.293077    INDEF  err
n8q624e8q_cal.fits[1]     26.62    88.81  5.949162    INDEF  err
n8q624e8q_cal.fits[1]     26.62    88.81  5.949162    INDEF  err
n8q624e8q_cal.fits[1]     26.62    88.81  5.949162    INDEF  err
n8q624e8q_cal.fits[1]    217.59    96.82   0.32326    INDEF  err
n8q624e8q_cal.fits[1]     16.79    98.61  2.904182   26.734  err
n8q624e8q_cal.fits[1]     16.78    98.62  2.885977   26.732  ok
n8q624e8q_cal.fits[1]     26.62    88.81  5.949162    INDEF  err
n8q624e8q_cal.fits[1]     32.34    95.99  3.254061    INDEF  err
n8q624e8q_cal.fits[1]     76.17    99.65   0.76603   27.692  ok
n8q624e8q_cal.fits[1]    253.45   100.33  0.351955    INDEF  err
n8q624e8q_cal.fits[1]    189.38   101.67  0.372396   27.990  ok
n8q624e8q_cal.fits[1]     16.62    98.61  2.918127   26.737  err
n8q624e8q_cal.fits[1]     23.65   103.09  2.226992   26.859  ok
n8q624e8q_cal.fits[1]    239.68   102.97  0.318904   28.979  ok
n8q624e8q_cal.fits[1]     10.49   105.46  1.535263   27.661  ok
n8q624e8q_cal.fits[1]     61.39   104.53  1.388941    INDEF  err
n8q624e8q_cal.fits[1]    189.38   101.67  0.372396   27.990  err
n8q624e8q_cal.fits[1]     44.79   108.26  2.117337   27.749  ok
n8q624e8q_cal.fits[1]    170.55   108.40  0.359828   29.481  ok
n8q624e8q_cal.fits[1]    202.38   107.83  0.392678   29.451  ok
n8q624e8q_cal.fits[1]     78.51   110.70  0.553629   28.645  ok
n8q624e8q_cal.fits[1]     44.80   108.43  2.114856   27.759  err
n8q624e8q_cal.fits[1]     87.39   112.10  0.521552   29.118  ok
n8q624e8q_cal.fits[1]     23.64   102.95  2.235052   26.851  err
n8q624e8q_cal.fits[1]     44.98   108.28  2.107283   27.738  err
n8q624e8q_cal.fits[1]     44.79   108.26  2.117337   27.749  err
n8q624e8q_cal.fits[1]     98.40   114.38  0.333473   29.268  ok
n8q624e8q_cal.fits[1]    201.44   114.35  0.338282    INDEF  err
n8q624e8q_cal.fits[1]    208.99   115.40  0.333986   29.030  ok
n8q624e8q_cal.fits[1]     34.41   116.50  0.986185   28.074  ok
n8q624e8q_cal.fits[1]    145.91   116.59  0.332428    INDEF  err
n8q624e8q_cal.fits[1]    102.33   120.60  0.299269   29.025  ok
n8q624e8q_cal.fits[1]     39.05   122.66  0.723771    INDEF  err
n8q624e8q_cal.fits[1]    164.30   128.87  0.430183   25.181  err
n8q624e8q_cal.fits[1]     37.05   130.22  0.555886    INDEF  err
n8q624e8q_cal.fits[1]    147.57   124.98  0.342274   29.699  ok
n8q624e8q_cal.fits[1]    234.48   125.25  0.366496   26.736  ok
n8q624e8q_cal.fits[1]    132.77   126.52  0.285109   28.819  ok
n8q624e8q_cal.fits[1]     88.82   127.57  0.410777   28.397  ok
n8q624e8q_cal.fits[1]    164.30   128.87  0.430183   25.181  ok
n8q624e8q_cal.fits[1]    234.48   125.25  0.366496   26.736  err
n8q624e8q_cal.fits[1]     37.05   130.22  0.555886    INDEF  err
n8q624e8q_cal.fits[1]    184.74   131.33  0.390401    INDEF  err
n8q624e8q_cal.fits[1]    203.59   130.84  0.361067   28.851  ok
n8q624e8q_cal.fits[1]    105.69   132.64  0.308511   28.650  ok
n8q624e8q_cal.fits[1]    213.36   133.58  0.378372   28.519  ok
n8q624e8q_cal.fits[1]    128.67   138.00  0.304634    INDEF  err
n8q624e8q_cal.fits[1]    176.94   137.64  0.526198    INDEF  err
n8q624e8q_cal.fits[1]    233.85   139.06  0.561195   28.597  ok
n8q624e8q_cal.fits[1]    206.67   140.34  0.411453   29.817  ok
n8q624e8q_cal.fits[1]     60.25   143.29  0.399696   29.118  ok
n8q624e8q_cal.fits[1]    192.27   143.07  0.539518   29.135  ok
n8q624e8q_cal.fits[1]    219.30   142.64  0.437546   28.925  ok
n8q624e8q_cal.fits[1]    254.75   153.30  1.407233    INDEF  err
n8q624e8q_cal.fits[1]    249.81   145.99  0.890486   27.340  ok
n8q624e8q_cal.fits[1]    254.75   153.30  1.407233    INDEF  err
n8q624e8q_cal.fits[1]     55.54   146.24  0.377112   29.211  ok
n8q624e8q_cal.fits[1]    237.76   149.58  0.608643   28.790  err
n8q624e8q_cal.fits[1]     99.20   149.46  0.337111   28.230  ok
n8q624e8q_cal.fits[1]    141.42   148.56  0.327949   28.866  ok
n8q624e8q_cal.fits[1]    201.34   149.46  0.528923   28.572  ok
n8q624e8q_cal.fits[1]    216.51   148.56  0.470054   28.375  ok
n8q624e8q_cal.fits[1]    254.75   153.30  1.407233    INDEF  err
n8q624e8q_cal.fits[1]    237.83   149.58  0.607458   28.788  err
n8q624e8q_cal.fits[1]    254.71   153.32  1.366031    INDEF  err
n8q624e8q_cal.fits[1]    254.71   153.31  1.366031    INDEF  err
n8q624e8q_cal.fits[1]    254.75   153.30  1.407233    INDEF  err
n8q624e8q_cal.fits[1]    145.14   153.67   0.31676   28.368  ok
n8q624e8q_cal.fits[1]     19.43   154.69  0.455241   29.286  ok
n8q624e8q_cal.fits[1]    254.75   153.30  1.407233    INDEF  err
n8q624e8q_cal.fits[1]     97.04   156.37  0.330787   28.212  ok
n8q624e8q_cal.fits[1]    173.02   156.30  0.489141   28.887  ok
n8q624e8q_cal.fits[1]    182.93   156.43   0.65726    INDEF  err
n8q624e8q_cal.fits[1]    254.75   153.30  1.407233    INDEF  err
n8q624e8q_cal.fits[1]    245.25   158.44  0.852086   27.290  err
n8q624e8q_cal.fits[1]    254.75   153.30  1.407233    INDEF  err
n8q624e8q_cal.fits[1]    254.75   153.30  1.407233    INDEF  err
n8q624e8q_cal.fits[1]    182.93   156.43   0.65726    INDEF  err
n8q624e8q_cal.fits[1]    188.32   164.29  0.656089    INDEF  err
n8q624e8q_cal.fits[1]    245.34   158.16  0.863634   27.289  err
n8q624e8q_cal.fits[1]      2.60   166.47  0.480756    INDEF  err
n8q624e8q_cal.fits[1]     46.50   165.70   0.32382   28.640  ok
n8q624e8q_cal.fits[1]     73.66   165.53  0.312764   29.053  ok
n8q624e8q_cal.fits[1]    131.14   166.44  0.321396    INDEF  err
n8q624e8q_cal.fits[1]    188.34   164.31  0.655243    INDEF  err
n8q624e8q_cal.fits[1]    237.73   173.90  0.509944   26.435  err
n8q624e8q_cal.fits[1]     19.44   175.53  0.309775    INDEF  err
n8q624e8q_cal.fits[1]    237.73   173.90  0.509944   26.435  ok
n8q624e8q_cal.fits[1]    178.25   174.52  0.408477   28.307  ok
n8q624e8q_cal.fits[1]    190.77   174.98  0.479977   27.439  ok
n8q624e8q_cal.fits[1]    206.32   174.55  0.436361   28.413  ok
n8q624e8q_cal.fits[1]    109.42   176.87  0.324175   29.091  ok
n8q624e8q_cal.fits[1]    221.31   176.85   0.44011   29.734  ok
n8q624e8q_cal.fits[1]    117.27   177.81  0.320781   28.181  ok
n8q624e8q_cal.fits[1]    228.56   179.10  0.367502   29.241  ok
n8q624e8q_cal.fits[1]    174.61   179.72  0.328618   28.907  ok
n8q624e8q_cal.fits[1]    194.78   184.31    0.3121   28.288  ok
n8q624e8q_cal.fits[1]    207.38   184.24  0.361515   29.331  ok
n8q624e8q_cal.fits[1]     33.39   185.56  0.290539   29.574  ok
n8q624e8q_cal.fits[1]     86.19   187.81  0.307505    INDEF  err
n8q624e8q_cal.fits[1]    209.42   191.27  0.273675   27.800  ok
n8q624e8q_cal.fits[1]    135.17   192.76  0.323044   28.718  ok
n8q624e8q_cal.fits[1]    180.94   193.32  0.277633   29.433  ok
n8q624e8q_cal.fits[1]     16.97   194.99  0.276194   28.810  ok
n8q624e8q_cal.fits[1]    134.17   193.28  0.320259   28.542  err
n8q624e8q_cal.fits[1]    117.78   197.16  0.270185    INDEF  err
n8q624e8q_cal.fits[1]    245.40   198.18  0.310434   29.644  ok
n8q624e8q_cal.fits[1]     17.27   200.09  0.265731   29.208  ok
n8q624e8q_cal.fits[1]     93.35   200.58   0.27651   29.403  ok
n8q624e8q_cal.fits[1]    179.06   201.06  0.286639   28.660  ok
n8q624e8q_cal.fits[1]     83.51   201.65  0.286028    INDEF  err
n8q624e8q_cal.fits[1]    150.10   205.37  0.340682   29.707  ok
n8q624e8q_cal.fits[1]    166.27   205.08  0.319026    INDEF  err
n8q624e8q_cal.fits[1]     99.73   207.31  0.251651    INDEF  err
n8q624e8q_cal.fits[1]    253.75   207.61   0.32422    INDEF  err
n8q624e8q_cal.fits[1]     26.11   210.77  0.254467   28.727  err
n8q624e8q_cal.fits[1]     92.48   211.06  0.249391   29.227  ok
n8q624e8q_cal.fits[1]     26.11   210.73  0.254199   28.727  ok
n8q624e8q_cal.fits[1]    126.29   213.42  0.330841    INDEF  err
n8q624e8q_cal.fits[1]     57.50   214.78  0.231945   28.611  ok
n8q624e8q_cal.fits[1]     75.27   216.84  0.261823   28.370  ok
n8q624e8q_cal.fits[1]     32.94   217.75  0.297366    INDEF  err
n8q624e8q_cal.fits[1]    132.13   219.27  0.396971    INDEF  err
n8q624e8q_cal.fits[1]    239.12   221.65  0.297908   29.383  ok
n8q624e8q_cal.fits[1]     80.54   223.39  0.253363   28.977  ok
n8q624e8q_cal.fits[1]    108.72   223.31  0.271665   29.081  ok
n8q624e8q_cal.fits[1]    147.47   232.34  0.726845    INDEF  err
n8q624e8q_cal.fits[1]    149.00   224.60  0.608426    INDEF  err
n8q624e8q_cal.fits[1]    244.15   226.18  0.297994    INDEF  err
n8q624e8q_cal.fits[1]    126.11   227.30  0.422719    INDEF  err
n8q624e8q_cal.fits[1]    190.65   226.61  0.431976   28.076  ok
n8q624e8q_cal.fits[1]     51.43   227.66  0.278597   29.364  ok
n8q624e8q_cal.fits[1]    147.47   232.34  0.726845    INDEF  err
n8q624e8q_cal.fits[1]    190.66   226.79  0.442301   28.075  err
n8q624e8q_cal.fits[1]     43.86   231.10  0.289663   28.443  ok
n8q624e8q_cal.fits[1]    147.47   232.34  0.726845    INDEF  err
n8q624e8q_cal.fits[1]    213.60   230.45  0.276553   28.994  ok
n8q624e8q_cal.fits[1]    147.47   232.33  0.726845    INDEF  err
n8q624e8q_cal.fits[1]    164.78   232.63  0.714747    INDEF  err
n8q624e8q_cal.fits[1]     61.61   233.21  0.270812   29.491  ok
n8q624e8q_cal.fits[1]    181.43   233.53   0.65085   25.025  ok
n8q624e8q_cal.fits[1]     98.21   234.86  0.262061    INDEF  err
n8q624e8q_cal.fits[1]      4.89   236.23  0.368343   29.682  ok
n8q624e8q_cal.fits[1]    147.47   232.34  0.726845    INDEF  err
n8q624e8q_cal.fits[1]     41.97   236.00  0.346109    INDEF  err
n8q624e8q_cal.fits[1]    200.29   239.55  0.394068    INDEF  err
n8q624e8q_cal.fits[1]    200.29   239.55  0.394068    INDEF  err
n8q624e8q_cal.fits[1]    129.51   241.29  0.367921    INDEF  err
n8q624e8q_cal.fits[1]    197.36   241.94  0.409375    INDEF  err
n8q624e8q_cal.fits[1]     10.49   243.94  0.361452   27.511  ok
n8q624e8q_cal.fits[1]    142.93   244.49  0.615968   28.300  ok
n8q624e8q_cal.fits[1]     99.79   250.37  0.268955   27.937  err
n8q624e8q_cal.fits[1]     99.80   250.44  0.268368   27.938  ok
n8q624e8q_cal.fits[1]    241.21   249.63  0.286848   28.717  ok
n8q624e8q_cal.fits[1]     38.93   251.18  0.330496   29.432  ok
n8q624e8q_cal.fits[1]    141.47   252.78  0.572105    INDEF  err
n8q624e8q_cal.fits[1]     68.90   253.52  0.231617    INDEF  err
n8q624e8q_cal.fits[1]    173.37   253.73  0.537419    INDEF  err
